2025-07-17 09:34:04.489 +07:00 [INF] Check UserID in TokenJWT
2025-07-17 09:34:04.636 +07:00 [INF] Result: true
2025-07-17 09:34:04.636 +07:00 [INF] CreateAReview
2025-07-17 09:34:05.065 +07:00 [INF] Result: true
2025-07-17 09:34:18.984 +07:00 [INF] Check UserID in TokenJWT
2025-07-17 09:34:18.984 +07:00 [INF] Result: true
2025-07-17 09:34:18.984 +07:00 [INF] CreateProduct
2025-07-17 09:34:19.124 +07:00 [INF] Result: true
2025-07-17 09:34:19.155 +07:00 [INF] UpDateImgProduct
2025-07-17 09:36:06.026 +07:00 [INF] Result: true
2025-07-17 11:12:44.657 +07:00 [INF] Check UserID in TokenJWT
2025-07-17 11:12:44.745 +07:00 [INF] Result: true
2025-07-17 11:12:44.746 +07:00 [INF] CreateProduct
2025-07-17 11:12:44.918 +07:00 [INF] Result: true
2025-07-17 11:12:44.953 +07:00 [INF] UpDateImgProduct
2025-07-17 11:12:45.022 +07:00 [INF] Result: true
2025-07-17 11:17:38.786 +07:00 [INF] Check UserID in TokenJWT
2025-07-17 11:17:38.887 +07:00 [INF] Result: true
2025-07-17 11:17:38.887 +07:00 [INF] CreateProduct
2025-07-17 11:17:39.761 +07:00 [INF] Result: true
2025-07-17 11:17:39.783 +07:00 [INF] UpDateImgProduct
2025-07-17 11:17:40.109 +07:00 [INF] Result: true
