2025-07-16 10:38:56.745 +07:00 [INF] Check UserID in TokenJWT
2025-07-16 10:38:56.826 +07:00 [INF] Result: true
2025-07-16 10:38:56.827 +07:00 [INF] CreateAReview
2025-07-16 10:38:57.133 +07:00 [INF] Result: true
2025-07-16 10:39:37.602 +07:00 [INF] Check UserID in TokenJWT
2025-07-16 10:39:37.602 +07:00 [INF] Result: true
2025-07-16 10:39:37.602 +07:00 [INF] CreateProduct
2025-07-16 10:44:11.694 +07:00 [INF] Check UserID in TokenJWT
2025-07-16 10:44:11.773 +07:00 [INF] Result: true
2025-07-16 10:44:11.773 +07:00 [INF] CreateAReview
2025-07-16 10:44:12.547 +07:00 [INF] Result: true
2025-07-16 10:44:29.247 +07:00 [INF] Check UserID in TokenJWT
2025-07-16 10:44:29.247 +07:00 [INF] Result: true
2025-07-16 10:44:29.247 +07:00 [INF] CreateProduct
2025-07-16 10:44:57.393 +07:00 [INF] Result: true
2025-07-16 10:44:57.458 +07:00 [INF] UpDateImgProduct
2025-07-16 10:44:59.399 +07:00 [INF] Result: true
2025-07-16 10:48:09.735 +07:00 [INF] Check UserID in TokenJWT
2025-07-16 10:48:09.807 +07:00 [INF] Result: true
2025-07-16 10:48:09.807 +07:00 [INF] CreateProduct
2025-07-16 10:48:10.532 +07:00 [INF] Result: true
2025-07-16 10:48:10.567 +07:00 [INF] UpDateImgProduct
2025-07-16 10:48:14.282 +07:00 [INF] Result: true
2025-07-16 10:48:27.683 +07:00 [INF] Check UserID in TokenJWT
2025-07-16 10:48:27.683 +07:00 [INF] Result: true
2025-07-16 10:48:27.683 +07:00 [INF] CreateAReview
2025-07-16 10:48:27.860 +07:00 [INF] Result: true
2025-07-16 10:48:53.606 +07:00 [INF] Check UserID in TokenJWT
2025-07-16 10:48:53.607 +07:00 [INF] Result: true
2025-07-16 10:48:53.607 +07:00 [INF] CreateProduct
2025-07-16 10:48:53.626 +07:00 [INF] Result: true
2025-07-16 10:48:53.652 +07:00 [INF] UpDateImgProduct
2025-07-16 10:49:22.140 +07:00 [INF] Result: true
2025-07-16 10:55:26.235 +07:00 [INF] Check UserID in TokenJWT
2025-07-16 10:55:26.302 +07:00 [INF] Result: true
2025-07-16 10:55:26.302 +07:00 [INF] CreateAReview
2025-07-16 10:55:27.076 +07:00 [INF] Result: true
2025-07-16 10:55:31.228 +07:00 [INF] Check UserID in TokenJWT
2025-07-16 10:55:31.229 +07:00 [INF] Result: true
2025-07-16 10:55:31.229 +07:00 [INF] CreateAReview
2025-07-16 10:55:31.263 +07:00 [INF] Result: true
2025-07-16 10:55:37.292 +07:00 [INF] Check UserID in TokenJWT
2025-07-16 10:55:37.293 +07:00 [INF] Result: true
2025-07-16 10:55:37.293 +07:00 [INF] CreateAReview
2025-07-16 10:55:37.309 +07:00 [INF] Result: true
2025-07-16 10:55:46.225 +07:00 [INF] Check UserID in TokenJWT
2025-07-16 10:55:46.225 +07:00 [INF] Result: true
2025-07-16 10:55:46.225 +07:00 [INF] CreateProduct
2025-07-16 10:55:46.328 +07:00 [INF] Result: true
2025-07-16 10:55:46.348 +07:00 [INF] UpDateImgProduct
2025-07-16 11:07:08.570 +07:00 [INF] Check UserID in TokenJWT
2025-07-16 11:07:08.669 +07:00 [INF] Result: true
2025-07-16 11:07:08.669 +07:00 [INF] CreateProduct
2025-07-16 11:07:09.396 +07:00 [INF] Check UserID in TokenJWT
2025-07-16 11:07:09.397 +07:00 [INF] Result: true
2025-07-16 11:07:09.397 +07:00 [INF] CreateAReview
2025-07-16 11:07:09.516 +07:00 [INF] Result: true
2025-07-16 11:07:09.600 +07:00 [INF] UpDateImgProduct
2025-07-16 11:07:12.517 +07:00 [INF] Result: true
2025-07-16 11:07:12.659 +07:00 [INF] Result: true
2025-07-16 11:07:25.038 +07:00 [INF] Check UserID in TokenJWT
2025-07-16 11:07:25.038 +07:00 [INF] Result: true
2025-07-16 11:07:25.038 +07:00 [INF] CreateProduct
2025-07-16 11:07:25.057 +07:00 [INF] Result: true
2025-07-16 11:07:25.071 +07:00 [INF] UpDateImgProduct
2025-07-16 11:08:05.896 +07:00 [INF] Result: true
2025-07-16 11:08:37.181 +07:00 [INF] Check UserID in TokenJWT
2025-07-16 11:08:37.181 +07:00 [INF] Result: true
2025-07-16 11:08:37.181 +07:00 [INF] CreateProduct
2025-07-16 11:08:37.195 +07:00 [INF] Result: true
2025-07-16 11:08:37.210 +07:00 [INF] UpDateImgProduct
2025-07-16 11:08:40.002 +07:00 [INF] Result: true
2025-07-16 11:25:33.662 +07:00 [INF] Check UserID in TokenJWT
2025-07-16 11:25:33.740 +07:00 [INF] Result: true
2025-07-16 11:25:33.740 +07:00 [INF] CreateAReview
2025-07-16 11:25:34.541 +07:00 [INF] Result: true
2025-07-16 11:26:00.321 +07:00 [INF] Check UserID in TokenJWT
2025-07-16 11:26:00.321 +07:00 [INF] Result: true
2025-07-16 11:26:00.321 +07:00 [INF] CreateProduct
2025-07-16 11:26:00.451 +07:00 [INF] Result: true
2025-07-16 11:26:00.474 +07:00 [INF] UpDateImgProduct
2025-07-16 11:26:11.494 +07:00 [INF] Result: true
2025-07-16 11:29:17.875 +07:00 [INF] Check UserID in TokenJWT
2025-07-16 11:29:17.951 +07:00 [INF] Result: true
2025-07-16 11:29:17.951 +07:00 [INF] CreateAReview
2025-07-16 11:29:18.764 +07:00 [INF] Result: true
2025-07-16 11:29:53.380 +07:00 [INF] Check UserID in TokenJWT
2025-07-16 11:29:53.380 +07:00 [INF] Result: true
2025-07-16 11:29:53.380 +07:00 [INF] CreateAReview
2025-07-16 11:29:53.401 +07:00 [INF] Result: true
2025-07-16 11:30:17.980 +07:00 [INF] Check UserID in TokenJWT
2025-07-16 11:30:17.980 +07:00 [INF] Result: true
2025-07-16 11:30:17.980 +07:00 [INF] CreateProduct
2025-07-16 11:30:18.104 +07:00 [INF] Result: true
2025-07-16 11:30:18.139 +07:00 [INF] UpDateImgProduct
2025-07-16 11:30:49.932 +07:00 [INF] Result: true
2025-07-16 15:51:18.120 +07:00 [INF] Check UserID in TokenJWT
2025-07-16 15:51:18.206 +07:00 [INF] Result: true
2025-07-16 15:51:18.206 +07:00 [INF] CreateAReview
2025-07-16 15:51:18.462 +07:00 [INF] Result: true
2025-07-16 15:51:36.335 +07:00 [INF] Check UserID in TokenJWT
2025-07-16 15:51:36.336 +07:00 [INF] Result: true
2025-07-16 15:51:36.336 +07:00 [INF] CreateProduct
2025-07-16 15:51:36.435 +07:00 [INF] Result: true
2025-07-16 15:51:36.462 +07:00 [INF] UpDateImgProduct
2025-07-16 15:51:39.665 +07:00 [INF] Result: true
2025-07-16 15:53:28.934 +07:00 [INF] Check UserID in TokenJWT
2025-07-16 15:53:28.934 +07:00 [INF] Result: true
2025-07-16 15:53:28.934 +07:00 [INF] Reviewlist
2025-07-16 15:53:29.137 +07:00 [INF] Result: true
2025-07-16 17:09:27.795 +07:00 [INF] Check UserID in TokenJWT
2025-07-16 17:09:27.894 +07:00 [INF] Result: true
2025-07-16 17:09:27.895 +07:00 [INF] CreateAReview
2025-07-16 17:09:28.166 +07:00 [INF] Result: true
2025-07-16 17:09:47.634 +07:00 [INF] Check UserID in TokenJWT
2025-07-16 17:09:47.634 +07:00 [INF] Result: true
2025-07-16 17:09:47.634 +07:00 [INF] CreateProduct
2025-07-16 17:09:47.736 +07:00 [INF] Result: true
2025-07-16 17:09:47.776 +07:00 [INF] UpDateImgProduct
2025-07-16 17:10:29.632 +07:00 [INF] Check UserID in TokenJWT
2025-07-16 17:10:29.632 +07:00 [INF] Result: true
2025-07-16 17:10:29.632 +07:00 [INF] CreateProduct
2025-07-16 17:10:29.636 +07:00 [INF] Result: true
2025-07-16 17:10:29.655 +07:00 [INF] UpDateImgProduct
2025-07-16 17:11:24.207 +07:00 [INF] Check UserID in TokenJWT
2025-07-16 17:11:24.207 +07:00 [INF] Result: true
2025-07-16 17:11:24.208 +07:00 [INF] CreateProduct
2025-07-16 17:11:24.213 +07:00 [INF] Result: true
2025-07-16 17:11:24.271 +07:00 [INF] UpDateImgProduct
2025-07-16 17:13:39.757 +07:00 [INF] Check UserID in TokenJWT
2025-07-16 17:13:39.758 +07:00 [INF] Result: true
2025-07-16 17:13:39.758 +07:00 [INF] CreateProduct
2025-07-16 17:15:02.246 +07:00 [INF] Result: true
2025-07-16 17:15:02.290 +07:00 [INF] UpDateImgProduct
2025-07-16 17:18:53.341 +07:00 [INF] Check UserID in TokenJWT
2025-07-16 17:18:53.341 +07:00 [INF] Result: true
2025-07-16 17:18:53.341 +07:00 [INF] CreateAReview
2025-07-16 17:18:53.364 +07:00 [INF] Result: true
2025-07-16 17:19:14.267 +07:00 [INF] Check UserID in TokenJWT
2025-07-16 17:19:14.267 +07:00 [INF] Result: true
2025-07-16 17:19:14.267 +07:00 [INF] CreateProduct
2025-07-16 17:19:24.867 +07:00 [INF] Result: true
2025-07-16 17:19:24.909 +07:00 [INF] UpDateImgProduct
2025-07-16 17:28:16.629 +07:00 [INF] Check UserID in TokenJWT
2025-07-16 17:28:16.629 +07:00 [INF] Result: true
2025-07-16 17:28:16.629 +07:00 [INF] CreateProduct
2025-07-16 17:28:48.343 +07:00 [INF] Result: true
2025-07-16 17:28:48.370 +07:00 [INF] UpDateImgProduct
2025-07-16 17:32:49.255 +07:00 [INF] Check UserID in TokenJWT
2025-07-16 17:32:49.347 +07:00 [INF] Result: true
2025-07-16 17:32:49.347 +07:00 [INF] CreateProduct
2025-07-16 17:32:57.058 +07:00 [INF] Result: true
2025-07-16 17:32:57.085 +07:00 [INF] UpDateImgProduct
2025-07-16 17:33:33.534 +07:00 [INF] Result: true
2025-07-16 17:34:39.529 +07:00 [INF] Check UserID in TokenJWT
2025-07-16 17:34:39.529 +07:00 [INF] Result: true
2025-07-16 17:34:39.529 +07:00 [INF] CreateProduct
2025-07-16 17:34:43.881 +07:00 [INF] Result: true
2025-07-16 17:34:43.891 +07:00 [INF] UpDateImgProduct
2025-07-16 17:34:55.617 +07:00 [INF] Result: true
2025-07-16 17:34:59.406 +07:00 [INF] Check UserID in TokenJWT
2025-07-16 17:34:59.406 +07:00 [INF] Result: true
2025-07-16 17:34:59.406 +07:00 [INF] CreateProduct
2025-07-16 17:34:59.411 +07:00 [INF] Result: true
2025-07-16 17:34:59.436 +07:00 [INF] UpDateImgProduct
2025-07-16 17:35:01.944 +07:00 [INF] Result: true
2025-07-16 17:35:07.442 +07:00 [INF] Check UserID in TokenJWT
2025-07-16 17:35:07.442 +07:00 [INF] Result: true
2025-07-16 17:35:07.442 +07:00 [INF] CreateProduct
2025-07-16 17:35:07.447 +07:00 [INF] Result: true
2025-07-16 17:35:07.462 +07:00 [INF] UpDateImgProduct
2025-07-16 17:41:31.078 +07:00 [INF] Result: true
2025-07-16 17:45:37.193 +07:00 [INF] Check UserID in TokenJWT
2025-07-16 17:45:37.259 +07:00 [INF] Result: true
2025-07-16 17:45:37.259 +07:00 [INF] CreateProduct
2025-07-16 17:45:37.601 +07:00 [INF] Result: true
2025-07-16 17:45:37.632 +07:00 [INF] UpDateImgProduct
2025-07-16 17:52:20.909 +07:00 [INF] Check UserID in TokenJWT
2025-07-16 17:52:20.987 +07:00 [INF] Result: true
2025-07-16 17:52:20.987 +07:00 [INF] CreateProduct
2025-07-16 17:52:21.332 +07:00 [INF] Result: true
2025-07-16 17:52:21.365 +07:00 [INF] UpDateImgProduct
2025-07-16 18:05:29.941 +07:00 [INF] Check UserID in TokenJWT
2025-07-16 18:05:30.018 +07:00 [INF] Result: true
2025-07-16 18:05:30.018 +07:00 [INF] CreateProduct
2025-07-16 18:05:30.437 +07:00 [INF] Result: true
2025-07-16 18:05:30.600 +07:00 [INF] UpDateImgProduct
2025-07-16 18:06:02.305 +07:00 [INF] Result: true
