2025-07-16 10:10:28.554 +07:00 [INF] Check UserID in TokenJWT
2025-07-16 10:10:28.654 +07:00 [INF] Result: true
2025-07-16 10:10:28.654 +07:00 [INF] DeleteAUser
2025-07-16 10:10:28.673 +07:00 [ERR] User not found
2025-07-16 10:10:55.000 +07:00 [INF] Check UserID in TokenJWT
2025-07-16 10:10:55.001 +07:00 [INF] Result: true
2025-07-16 10:10:55.001 +07:00 [INF] DeleteAUser
2025-07-16 10:11:26.971 +07:00 [ERR] User not found
2025-07-16 10:11:41.510 +07:00 [INF] Check UserID in TokenJWT
2025-07-16 10:11:41.510 +07:00 [INF] Result: true
2025-07-16 10:11:41.510 +07:00 [INF] DeleteAUser
2025-07-16 10:11:47.137 +07:00 [ERR] User not found
2025-07-16 10:11:56.267 +07:00 [INF] Check UserID in TokenJWT
2025-07-16 10:11:56.272 +07:00 [INF] Result: true
2025-07-16 10:11:56.272 +07:00 [INF] DeleteAUser
2025-07-16 10:12:59.017 +07:00 [ERR] User not found
2025-07-16 15:52:29.906 +07:00 [INF] Check UserID in TokenJWT
2025-07-16 15:52:32.346 +07:00 [INF] Result: true
2025-07-16 15:52:33.062 +07:00 [INF] GetAllUser
2025-07-16 15:52:33.437 +07:00 [INF] Result: true
2025-07-16 15:52:56.864 +07:00 [INF] Check UserID in TokenJWT
2025-07-16 15:52:56.864 +07:00 [INF] Result: true
2025-07-16 15:52:56.864 +07:00 [INF] Reviewlist
2025-07-16 15:52:57.003 +07:00 [ERR] Review list error
